<?xml version="1.0" encoding="UTF-8"?>
<testsuite name="models.HeroTest" tests="1" skipped="0" failures="0" errors="0" timestamp="2020-06-14T13:42:27" hostname="Thanos-snap" time="0.001">
  <properties/>
  <testcase name="hero_heroInstantiatesWithName_true" classname="models.HeroTest" time="0.001"/>
  <system-out><![CDATA[]]></system-out>
  <system-err><![CDATA[]]></system-err>
</testsuite>
